<?xml version="1.0" encoding="UTF-8"?>
<testsuite xmlns:xsi="http://www.w3.org/2001/XMLSchema-instance" xsi:noNamespaceSchemaLocation="https://maven.apache.org/surefire/maven-surefire-plugin/xsd/surefire-test-report-3.0.xsd" version="3.0" name="app.AppTest" time="0.005" tests="2" errors="0" skipped="0" failures="0">
  <properties>
    <property name="sun.desktop" value="windows"/>
    <property name="awt.toolkit" value="sun.awt.windows.WToolkit"/>
    <property name="java.specification.version" value="11"/>
    <property name="sun.cpu.isalist" value="amd64"/>
    <property name="sun.jnu.encoding" value="Cp1252"/>
    <property name="java.class.path" value="C:\Users\caps\arossif-workspace\arossif\target\test-classes;C:\Users\caps\arossif-workspace\arossif\target\classes;C:\Users\caps\.m2\repository\org\junit\jupiter\junit-jupiter-engine\5.4.0-M1\junit-jupiter-engine-5.4.0-M1.jar;C:\Users\caps\.m2\repository\org\apiguardian\apiguardian-api\1.0.0\apiguardian-api-1.0.0.jar;C:\Users\caps\.m2\repository\org\junit\platform\junit-platform-engine\1.4.0-M1\junit-platform-engine-1.4.0-M1.jar;C:\Users\caps\.m2\repository\org\junit\platform\junit-platform-commons\1.4.0-M1\junit-platform-commons-1.4.0-M1.jar;C:\Users\caps\.m2\repository\org\opentest4j\opentest4j\1.1.1\opentest4j-1.1.1.jar;C:\Users\caps\.m2\repository\org\junit\jupiter\junit-jupiter-api\5.4.0-M1\junit-jupiter-api-5.4.0-M1.jar;C:\Users\caps\.m2\repository\org\junit\platform\junit-platform-runner\1.4.0-M1\junit-platform-runner-1.4.0-M1.jar;C:\Users\caps\.m2\repository\org\junit\platform\junit-platform-launcher\1.4.0-M1\junit-platform-launcher-1.4.0-M1.jar;C:\Users\caps\.m2\repository\org\junit\platform\junit-platform-suite-api\1.4.0-M1\junit-platform-suite-api-1.4.0-M1.jar;C:\Users\caps\.m2\repository\junit\junit\4.12\junit-4.12.jar;C:\Users\caps\.m2\repository\org\hamcrest\hamcrest-core\1.3\hamcrest-core-1.3.jar;C:\Users\caps\.m2\repository\org\junit\vintage\junit-vintage-engine\5.4.0-M1\junit-vintage-engine-5.4.0-M1.jar;C:\Users\caps\.m2\repository\org\junit\platform\junit-platform-surefire-provider\1.3.2\junit-platform-surefire-provider-1.3.2.jar;C:\Users\caps\.m2\repository\org\apache\maven\surefire\surefire-api\2.22.0\surefire-api-2.22.0.jar;C:\Users\caps\.m2\repository\org\apache\maven\surefire\surefire-logger-api\2.22.0\surefire-logger-api-2.22.0.jar;C:\Users\caps\.m2\repository\org\apache\maven\surefire\common-java5\2.22.0\common-java5-2.22.0.jar;C:\Users\caps\.m2\repository\org\openjfx\javafx-controls\11.0.2\javafx-controls-11.0.2-win.jar;C:\Users\caps\.m2\repository\org\openjfx\javafx-graphics\11.0.2\javafx-graphics-11.0.2-linux.jar;C:\Users\caps\.m2\repository\org\openjfx\javafx-graphics\11.0.2\javafx-graphics-11.0.2-win.jar;C:\Users\caps\.m2\repository\org\openjfx\javafx-graphics\11.0.2\javafx-graphics-11.0.2-mac.jar;C:\Users\caps\.m2\repository\org\openjfx\javafx-graphics\11.0.2\javafx-graphics-11.0.2.jar;C:\Users\caps\.m2\repository\org\openjfx\javafx-base\11.0.2\javafx-base-11.0.2.jar;C:\Users\caps\.m2\repository\org\openjfx\javafx-base\11.0.2\javafx-base-11.0.2-win.jar;C:\Users\caps\.m2\repository\org\openjfx\javafx-fxml\11.0.2\javafx-fxml-11.0.2.jar;C:\Users\caps\.m2\repository\org\openjfx\javafx-fxml\11.0.2\javafx-fxml-11.0.2-win.jar;C:\Users\caps\.m2\repository\org\openjfx\javafx-controls\11.0.2\javafx-controls-11.0.2.jar;"/>
    <property name="java.vm.vendor" value="Oracle Corporation"/>
    <property name="sun.arch.data.model" value="64"/>
    <property name="user.variant" value=""/>
    <property name="java.vendor.url" value="http://java.oracle.com/"/>
    <property name="user.timezone" value="Europe/Paris"/>
    <property name="java.vm.specification.version" value="11"/>
    <property name="os.name" value="Windows 10"/>
    <property name="sun.java.launcher" value="SUN_STANDARD"/>
    <property name="user.country" value="ES"/>
    <property name="sun.boot.library.path" value="C:\Program Files\Java\jdk-11.0.2\bin"/>
    <property name="sun.java.command" value="C:\Users\caps\AppData\Local\Temp\surefire7237830299905782109\surefirebooter2193184659323715983.jar C:\Users\caps\AppData\Local\Temp\surefire7237830299905782109 2019-01-25T18-05-27_570-jvmRun1 surefire2714932630581511495tmp surefire_03153360928572857816tmp"/>
    <property name="jdk.debug" value="release"/>
    <property name="surefire.test.class.path" value="C:\Users\caps\arossif-workspace\arossif\target\test-classes;C:\Users\caps\arossif-workspace\arossif\target\classes;C:\Users\caps\.m2\repository\org\junit\jupiter\junit-jupiter-engine\5.4.0-M1\junit-jupiter-engine-5.4.0-M1.jar;C:\Users\caps\.m2\repository\org\apiguardian\apiguardian-api\1.0.0\apiguardian-api-1.0.0.jar;C:\Users\caps\.m2\repository\org\junit\platform\junit-platform-engine\1.4.0-M1\junit-platform-engine-1.4.0-M1.jar;C:\Users\caps\.m2\repository\org\junit\platform\junit-platform-commons\1.4.0-M1\junit-platform-commons-1.4.0-M1.jar;C:\Users\caps\.m2\repository\org\opentest4j\opentest4j\1.1.1\opentest4j-1.1.1.jar;C:\Users\caps\.m2\repository\org\junit\jupiter\junit-jupiter-api\5.4.0-M1\junit-jupiter-api-5.4.0-M1.jar;C:\Users\caps\.m2\repository\org\junit\platform\junit-platform-runner\1.4.0-M1\junit-platform-runner-1.4.0-M1.jar;C:\Users\caps\.m2\repository\org\junit\platform\junit-platform-launcher\1.4.0-M1\junit-platform-launcher-1.4.0-M1.jar;C:\Users\caps\.m2\repository\org\junit\platform\junit-platform-suite-api\1.4.0-M1\junit-platform-suite-api-1.4.0-M1.jar;C:\Users\caps\.m2\repository\junit\junit\4.12\junit-4.12.jar;C:\Users\caps\.m2\repository\org\hamcrest\hamcrest-core\1.3\hamcrest-core-1.3.jar;C:\Users\caps\.m2\repository\org\junit\vintage\junit-vintage-engine\5.4.0-M1\junit-vintage-engine-5.4.0-M1.jar;C:\Users\caps\.m2\repository\org\junit\platform\junit-platform-surefire-provider\1.3.2\junit-platform-surefire-provider-1.3.2.jar;C:\Users\caps\.m2\repository\org\apache\maven\surefire\surefire-api\2.22.0\surefire-api-2.22.0.jar;C:\Users\caps\.m2\repository\org\apache\maven\surefire\surefire-logger-api\2.22.0\surefire-logger-api-2.22.0.jar;C:\Users\caps\.m2\repository\org\apache\maven\surefire\common-java5\2.22.0\common-java5-2.22.0.jar;C:\Users\caps\.m2\repository\org\openjfx\javafx-controls\11.0.2\javafx-controls-11.0.2-win.jar;C:\Users\caps\.m2\repository\org\openjfx\javafx-graphics\11.0.2\javafx-graphics-11.0.2-linux.jar;C:\Users\caps\.m2\repository\org\openjfx\javafx-graphics\11.0.2\javafx-graphics-11.0.2-win.jar;C:\Users\caps\.m2\repository\org\openjfx\javafx-graphics\11.0.2\javafx-graphics-11.0.2-mac.jar;C:\Users\caps\.m2\repository\org\openjfx\javafx-graphics\11.0.2\javafx-graphics-11.0.2.jar;C:\Users\caps\.m2\repository\org\openjfx\javafx-base\11.0.2\javafx-base-11.0.2.jar;C:\Users\caps\.m2\repository\org\openjfx\javafx-base\11.0.2\javafx-base-11.0.2-win.jar;C:\Users\caps\.m2\repository\org\openjfx\javafx-fxml\11.0.2\javafx-fxml-11.0.2.jar;C:\Users\caps\.m2\repository\org\openjfx\javafx-fxml\11.0.2\javafx-fxml-11.0.2-win.jar;C:\Users\caps\.m2\repository\org\openjfx\javafx-controls\11.0.2\javafx-controls-11.0.2.jar;"/>
    <property name="sun.cpu.endian" value="little"/>
    <property name="user.home" value="C:\Users\caps"/>
    <property name="user.language" value="es"/>
    <property name="java.specification.vendor" value="Oracle Corporation"/>
    <property name="java.version.date" value="2019-01-15"/>
    <property name="java.home" value="C:\Program Files\Java\jdk-11.0.2"/>
    <property name="file.separator" value="\"/>
    <property name="basedir" value="C:\Users\caps\arossif-workspace\arossif"/>
    <property name="java.vm.compressedOopsMode" value="Zero based"/>
    <property name="line.separator" value="&#10;"/>
    <property name="java.specification.name" value="Java Platform API Specification"/>
    <property name="java.vm.specification.vendor" value="Oracle Corporation"/>
    <property name="java.awt.graphicsenv" value="sun.awt.Win32GraphicsEnvironment"/>
    <property name="surefire.real.class.path" value="C:\Users\caps\AppData\Local\Temp\surefire7237830299905782109\surefirebooter2193184659323715983.jar"/>
    <property name="user.script" value=""/>
    <property name="sun.management.compiler" value="HotSpot 64-Bit Tiered Compilers"/>
    <property name="java.runtime.version" value="11.0.2+9-LTS"/>
    <property name="user.name" value="caps"/>
    <property name="path.separator" value=";"/>
    <property name="os.version" value="10.0"/>
    <property name="java.runtime.name" value="Java(TM) SE Runtime Environment"/>
    <property name="file.encoding" value="Cp1252"/>
    <property name="java.vm.name" value="Java HotSpot(TM) 64-Bit Server VM"/>
    <property name="java.vendor.version" value="18.9"/>
    <property name="localRepository" value="C:\Users\caps\.m2\repository"/>
    <property name="java.vendor.url.bug" value="http://bugreport.java.com/bugreport/"/>
    <property name="java.io.tmpdir" value="C:\Users\caps\AppData\Local\Temp\"/>
    <property name="java.version" value="11.0.2"/>
    <property name="user.dir" value="C:\Users\caps\arossif-workspace\arossif"/>
    <property name="os.arch" value="amd64"/>
    <property name="java.vm.specification.name" value="Java Virtual Machine Specification"/>
    <property name="java.awt.printerjob" value="sun.awt.windows.WPrinterJob"/>
    <property name="sun.os.patch.level" value=""/>
    <property name="java.library.path" value="C:\Program Files\Java\jdk-11.0.2\bin;C:\windows\Sun\Java\bin;C:\windows\system32;C:\windows;C:/Program Files/Java/jre1.8.0_201/bin/server;C:/Program Files/Java/jre1.8.0_201/bin;C:/Program Files/Java/jre1.8.0_201/lib/amd64;C:\Program Files\Java\jdk-11.0.2\bin;C:\Program Files (x86)\Common Files\Oracle\Java\javapath;C:\Program Files (x86)\Intel\Intel(R) Management Engine Components\iCLS\;C:\Program Files\Intel\Intel(R) Management Engine Components\iCLS\;C:\windows\system32;C:\windows;C:\windows\System32\Wbem;C:\windows\System32\WindowsPowerShell\v1.0\;C:\windows\System32\OpenSSH\;C:\Program Files (x86)\Intel\Intel(R) Management Engine Components\DAL;C:\Program Files\Intel\Intel(R) Management Engine Components\DAL;C:\Program Files (x86)\Intel\Intel(R) Management Engine Components\IPT;C:\Program Files\Intel\Intel(R) Management Engine Components\IPT;C:\Program Files (x86)\NVIDIA Corporation\PhysX\Common;C:\Program Files\dotnet\;C:\Program Files\Microsoft SQL Server\130\Tools\Binn\;C:\Program Files\WinMerge;C:\Program Files\Git\cmd;C:\Program Files\CMake\bin;C:\MinGW\bin;C:\MinGW\msys\1.0\bin;C:\Program Files\Apache Maven\apache-maven-3.6.0\bin;C:\Program Files\MySQL\MySQL Server 8.0\bin;C:\Program Files\Intel\WiFi\bin\;C:\Program Files\Common Files\Intel\WirelessCommon\;C:\Program Files\TortoiseGit\bin;C:\Program Files\TortoiseSVN\bin;C:\Users\caps\AppData\Local\Programs\Python\Python37\Scripts\;C:\Users\caps\AppData\Local\Programs\Python\Python37\;C:\Users\caps\AppData\Local\Programs\Python\Python37-32\Scripts\;C:\Users\caps\AppData\Local\Programs\Python\Python37-32\;C:\Users\caps\AppData\Local\Microsoft\WindowsApps;C:\Users\caps\AppData\Local\atom\bin;C:\Users\caps\Desktop\Programs\platform-tools;C:\Program Files\Intel\WiFi\bin\;C:\Program Files\Common Files\Intel\WirelessCommon\;;C:\windows\system32;;."/>
    <property name="java.vendor" value="Oracle Corporation"/>
    <property name="java.vm.info" value="mixed mode"/>
    <property name="java.vm.version" value="11.0.2+9-LTS"/>
    <property name="sun.io.unicode.encoding" value="UnicodeLittle"/>
    <property name="java.class.version" value="55.0"/>
  </properties>
  <testcase name="firstTest" classname="app.AppTest" time="0.001"/>
  <testcase name="secondTest" classname="app.AppTest" time="0"/>
</testsuite>